0 info it worked if it ends with ok
1 verbose cli [ '/Users/x/.nvm/versions/node/v6.7.0/bin/node',
1 verbose cli   '/Users/x/.nvm/versions/node/v6.7.0/bin/npm',
1 verbose cli   'run',
1 verbose cli   'lint' ]
2 info using npm@3.10.3
3 info using node@v6.7.0
4 verbose run-script [ 'prelint', 'lint', 'postlint' ]
5 info lifecycle @~prelint: @
6 silly lifecycle @~prelint: no script for prelint, continuing
7 info lifecycle @~lint: @
8 verbose lifecycle @~lint: unsafe-perm in lifecycle true
9 verbose lifecycle @~lint: PATH: /Users/x/.nvm/versions/node/v6.7.0/lib/node_modules/npm/bin/node-gyp-bin:/Users/x/context/react/lg/node_modules/.bin:/Users/x/.nvm/versions/node/v6.7.0/bin:/Users/x/.nvm/versions/node/v6.7.0/bin:/usr/local/opt/php56/sbin:/usr/local/opt/php56/bin:/usr/local/bin:/usr/local/sbin:/usr/bin:/bin:/usr/sbin:/sbin:/Users/x/bin
10 verbose lifecycle @~lint: CWD: /Users/x/context/react/lg
11 silly lifecycle @~lint: Args: [ '-c', 'eslint --fix --ext .js,.jsx src' ]
12 silly lifecycle @~lint: Returned: code: 1  signal: null
13 info lifecycle @~lint: Failed to exec lint script
14 verbose stack Error: @ lint: `eslint --fix --ext .js,.jsx src`
14 verbose stack Exit status 1
14 verbose stack     at EventEmitter.<anonymous> (/Users/x/.nvm/versions/node/v6.7.0/lib/node_modules/npm/lib/utils/lifecycle.js:242:16)
14 verbose stack     at emitTwo (events.js:106:13)
14 verbose stack     at EventEmitter.emit (events.js:191:7)
14 verbose stack     at ChildProcess.<anonymous> (/Users/x/.nvm/versions/node/v6.7.0/lib/node_modules/npm/lib/utils/spawn.js:40:14)
14 verbose stack     at emitTwo (events.js:106:13)
14 verbose stack     at ChildProcess.emit (events.js:191:7)
14 verbose stack     at maybeClose (internal/child_process.js:877:16)
14 verbose stack     at Process.ChildProcess._handle.onexit (internal/child_process.js:226:5)
15 verbose pkgid @
16 verbose cwd /Users/x/context/react/lg
17 error Darwin 16.0.0
18 error argv "/Users/x/.nvm/versions/node/v6.7.0/bin/node" "/Users/x/.nvm/versions/node/v6.7.0/bin/npm" "run" "lint"
19 error node v6.7.0
20 error npm  v3.10.3
21 error code ELIFECYCLE
22 error @ lint: `eslint --fix --ext .js,.jsx src`
22 error Exit status 1
23 error Failed at the @ lint script 'eslint --fix --ext .js,.jsx src'.
23 error Make sure you have the latest version of node.js and npm installed.
23 error If you do, this is most likely a problem with the  package,
23 error not with npm itself.
23 error Tell the author that this fails on your system:
23 error     eslint --fix --ext .js,.jsx src
23 error You can get information on how to open an issue for this project with:
23 error     npm bugs
23 error Or if that isn't available, you can get their info via:
23 error     npm owner ls
23 error There is likely additional logging output above.
24 verbose exit [ 1, true ]
